<?xml version="1.0" encoding="UTF-8"?>
<!-- Generated by org.testng.reporters.JUnitReportReporter -->
<testsuite hostname="miracle-OptiPlex-3050" failures="0" tests="1" name="com.jdbc.Named.Jdbc1ApplicationTests" time="1.684" errors="0" timestamp="2021-08-30T14:28:19 IST" skipped="0">
  <testcase classname="com.jdbc.Named.Jdbc1ApplicationTests" name="Test" time="1.684"/>
  <system-out/>
</testsuite> <!-- com.jdbc.Named.Jdbc1ApplicationTests -->
