<?xml version="1.0" encoding="UTF-8"?>
<!-- Generated by org.testng.reporters.JUnitReportReporter -->
<testsuite hostname="miracle-OptiPlex-3050" failures="0" tests="1" name="RestAssured" time="1.737" errors="0" timestamp="2021-08-27T20:54:08 IST" skipped="0">
  <testcase classname="RestAssured" name="Test" time="1.737"/>
  <system-out/>
</testsuite> <!-- RestAssured -->
